# JRE version: OpenJDK Runtime Environment Microsoft-11926163 (17.0.16+8) (build 17.0.16+8-LTS)
# Java VM: OpenJDK 64-Bit Server VM Microsoft-11926163 (17.0.16+8-LTS, mixed mode, sharing, tiered, compressed oops, compressed class ptrs, g1 gc, windows-amd64)
GC Precious Log:
 CPUs: 16 total, 16 available
 Memory: 5981M
 Large Page Support: Disabled
 NUMA Support: Disabled
 Compressed Oops: Enabled (32-bit)
 Heap Region Size: 1M
 Heap Min Capacity: 8M
 Heap Initial Capacity: 94M
 Heap Max Capacity: 1496M
 Pre-touch: Disabled
 Parallel Workers: 13
 Concurrent Workers: 3
 Concurrent Refinement Workers: 13
 Periodic GC: Disabled
Heap:
 garbage-first heap   total 81920K, used 45069K [0x00000000a2800000, 0x0000000100000000)
  region size 1024K, 18 young (18432K), 2 survivors (2048K)
 Metaspace       used 39348K, committed 39680K, reserved 1114112K
  class space    used 4819K, committed 4992K, reserved 1048576K
GC Heap History (18 events):
Event: 1.475 GC heap before
{Heap before GC invocations=0 (full 0):
 garbage-first heap   total 96256K, used 27648K [0x00000000a2800000, 0x0000000100000000)
  region size 1024K, 23 young (23552K), 0 survivors (0K)
 Metaspace       used 6467K, committed 6656K, reserved 1114112K
  class space    used 627K, committed 704K, reserved 1048576K
}
Event: 1.485 GC heap after
{Heap after GC invocations=1 (full 0):
 garbage-first heap   total 96256K, used 7272K [0x00000000a2800000, 0x0000000100000000)
  region size 1024K, 3 young (3072K), 3 survivors (3072K)
 Metaspace       used 6467K, committed 6656K, reserved 1114112K
  class space    used 627K, committed 704K, reserved 1048576K
}
Event: 3.103 GC heap before
{Heap before GC invocations=1 (full 0):
 garbage-first heap   total 96256K, used 39016K [0x00000000a2800000, 0x0000000100000000)
  region size 1024K, 34 young (34816K), 3 survivors (3072K)
 Metaspace       used 13470K, committed 13632K, reserved 1114112K
  class space    used 1539K, committed 1600K, reserved 1048576K
}
Event: 3.125 GC heap after
{Heap after GC invocations=2 (full 0):
 garbage-first heap   total 96256K, used 9949K [0x00000000a2800000, 0x0000000100000000)
  region size 1024K, 3 young (3072K), 3 survivors (3072K)
 Metaspace       used 13470K, committed 13632K, reserved 1114112K
  class space    used 1539K, committed 1600K, reserved 1048576K
}
Event: 4.417 GC heap before
{Heap before GC invocations=2 (full 0):
 garbage-first heap   total 96256K, used 33501K [0x00000000a2800000, 0x0000000100000000)
  region size 1024K, 27 young (27648K), 3 survivors (3072K)
 Metaspace       used 21251K, committed 21504K, reserved 1114112K
  class space    used 2942K, committed 3072K, reserved 1048576K
}
Event: 4.429 GC heap after
{Heap after GC invocations=3 (full 0):
 garbage-first heap   total 96256K, used 11087K [0x00000000a2800000, 0x0000000100000000)
  region size 1024K, 4 young (4096K), 4 survivors (4096K)
 Metaspace       used 21251K, committed 21504K, reserved 1114112K
  class space    used 2942K, committed 3072K, reserved 1048576K
}
Event: 5.388 GC heap before
{Heap before GC invocations=4 (full 0):
 garbage-first heap   total 40960K, used 31567K [0x00000000a2800000, 0x0000000100000000)
  region size 1024K, 24 young (24576K), 4 survivors (4096K)
 Metaspace       used 23789K, committed 24064K, reserved 1114112K
  class space    used 3280K, committed 3392K, reserved 1048576K
}
Event: 5.405 GC heap after
{Heap after GC invocations=5 (full 0):
 garbage-first heap   total 40960K, used 15966K [0x00000000a2800000, 0x0000000100000000)
  region size 1024K, 3 young (3072K), 3 survivors (3072K)
 Metaspace       used 23789K, committed 24064K, reserved 1114112K
  class space    used 3280K, committed 3392K, reserved 1048576K
}
Event: 5.421 GC heap before
{Heap before GC invocations=5 (full 0):
 garbage-first heap   total 40960K, used 16990K [0x00000000a2800000, 0x0000000100000000)
  region size 1024K, 4 young (4096K), 3 survivors (3072K)
 Metaspace       used 23796K, committed 24064K, reserved 1114112K
  class space    used 3281K, committed 3392K, reserved 1048576K
}
Event: 5.430 GC heap after
{Heap after GC invocations=6 (full 0):
 garbage-first heap   total 40960K, used 17198K [0x00000000a2800000, 0x0000000100000000)
  region size 1024K, 1 young (1024K), 1 survivors (1024K)
 Metaspace       used 23796K, committed 24064K, reserved 1114112K
  class space    used 3281K, committed 3392K, reserved 1048576K
}
Event: 5.583 GC heap before
{Heap before GC invocations=6 (full 0):
 garbage-first heap   total 40960K, used 28462K [0x00000000a2800000, 0x0000000100000000)
  region size 1024K, 12 young (12288K), 1 survivors (1024K)
 Metaspace       used 24071K, committed 24320K, reserved 1114112K
  class space    used 3308K, committed 3392K, reserved 1048576K
}
Event: 5.592 GC heap after
{Heap after GC invocations=7 (full 0):
 garbage-first heap   total 81920K, used 21504K [0x00000000a2800000, 0x0000000100000000)
  region size 1024K, 2 young (2048K), 2 survivors (2048K)
 Metaspace       used 24071K, committed 24320K, reserved 1114112K
  class space    used 3308K, committed 3392K, reserved 1048576K
}
Event: 6.533 GC heap before
{Heap before GC invocations=7 (full 0):
 garbage-first heap   total 81920K, used 49152K [0x00000000a2800000, 0x0000000100000000)
  region size 1024K, 29 young (29696K), 2 survivors (2048K)
 Metaspace       used 28691K, committed 28992K, reserved 1114112K
  class space    used 3775K, committed 3904K, reserved 1048576K
}
Event: 6.553 GC heap after
{Heap after GC invocations=8 (full 0):
 garbage-first heap   total 81920K, used 24213K [0x00000000a2800000, 0x0000000100000000)
  region size 1024K, 4 young (4096K), 4 survivors (4096K)
 Metaspace       used 28691K, committed 28992K, reserved 1114112K
  class space    used 3775K, committed 3904K, reserved 1048576K
}
Event: 7.313 GC heap before
{Heap before GC invocations=8 (full 0):
 garbage-first heap   total 81920K, used 51861K [0x00000000a2800000, 0x0000000100000000)
  region size 1024K, 31 young (31744K), 4 survivors (4096K)
 Metaspace       used 33016K, committed 33280K, reserved 1114112K
  class space    used 4237K, committed 4352K, reserved 1048576K
}
Event: 7.339 GC heap after
{Heap after GC invocations=9 (full 0):
 garbage-first heap   total 81920K, used 28415K [0x00000000a2800000, 0x0000000100000000)
  region size 1024K, 4 young (4096K), 4 survivors (4096K)
 Metaspace       used 33016K, committed 33280K, reserved 1114112K
  class space    used 4237K, committed 4352K, reserved 1048576K
}
Event: 7.924 GC heap before
{Heap before GC invocations=9 (full 0):
 garbage-first heap   total 81920K, used 38655K [0x00000000a2800000, 0x0000000100000000)
  region size 1024K, 16 young (16384K), 4 survivors (4096K)
 Metaspace       used 35829K, committed 36096K, reserved 1114112K
  class space    used 4475K, committed 4608K, reserved 1048576K
}
Event: 7.932 GC heap after
{Heap after GC invocations=10 (full 0):
 garbage-first heap   total 81920K, used 29709K [0x00000000a2800000, 0x0000000100000000)
  region size 1024K, 2 young (2048K), 2 survivors (2048K)
 Metaspace       used 35829K, committed 36096K, reserved 1114112K
  class space    used 4475K, committed 4608K, reserved 1048576K
}

