# JRE version: OpenJDK Runtime Environment (21.0.9) (build 21.0.9+-14649483-b1163.86)
# Java VM: OpenJDK 64-Bit Server VM (21.0.9+-14649483-b1163.86, mixed mode, tiered, compressed oops, compressed class ptrs, g1 gc, windows-amd64)
GC Precious Log:
 CardTable entry size: 512
 Card Set container configuration: InlinePtr #cards 5 size 8 Array Of Cards #cards 12 size 40 Howl #buckets 4 coarsen threshold 1843 Howl Bitmap #cards 512 size 80 coarsen threshold 460 Card regions per heap region 1 cards per card region 2048
 CPUs: 16 total, 16 available
 Memory: 5981M
 Large Page Support: Disabled
 NUMA Support: Disabled
 Compressed Oops: Enabled (32-bit)
 Heap Region Size: 1M
 Heap Min Capacity: 8M
 Heap Initial Capacity: 94M
 Heap Max Capacity: 2G
 Pre-touch: Disabled
 Parallel Workers: 13
 Concurrent Workers: 3
 Concurrent Refinement Workers: 13
 Periodic GC: Disabled
Heap:
 garbage-first heap   total 470016K, used 369474K [0x0000000080000000, 0x0000000100000000)
  region size 1024K, 201 young (205824K), 8 survivors (8192K)
 Metaspace       used 160715K, committed 163328K, reserved 1245184K
  class space    used 22410K, committed 23680K, reserved 1048576K
GC Heap History (20 events):
Event: 231.946 GC heap before
{Heap before GC invocations=45 (full 0):
 garbage-first heap   total 447488K, used 445778K [0x0000000080000000, 0x0000000100000000)
  region size 1024K, 248 young (253952K), 7 survivors (7168K)
 Metaspace       used 158261K, committed 160832K, reserved 1245184K
  class space    used 22388K, committed 23616K, reserved 1048576K
}
Event: 232.102 GC heap after
{Heap after GC invocations=46 (full 0):
 garbage-first heap   total 454656K, used 146083K [0x0000000080000000, 0x0000000100000000)
  region size 1024K, 7 young (7168K), 7 survivors (7168K)
 Metaspace       used 158261K, committed 160832K, reserved 1245184K
  class space    used 22388K, committed 23616K, reserved 1048576K
}
Event: 331.938 GC heap before
{Heap before GC invocations=46 (full 0):
 garbage-first heap   total 454656K, used 411299K [0x0000000080000000, 0x0000000100000000)
  region size 1024K, 266 young (272384K), 7 survivors (7168K)
 Metaspace       used 159029K, committed 161536K, reserved 1245184K
  class space    used 22400K, committed 23616K, reserved 1048576K
}
Event: 332.054 GC heap after
{Heap after GC invocations=47 (full 0):
 garbage-first heap   total 454656K, used 158338K [0x0000000080000000, 0x0000000100000000)
  region size 1024K, 18 young (18432K), 18 survivors (18432K)
 Metaspace       used 159029K, committed 161536K, reserved 1245184K
  class space    used 22400K, committed 23616K, reserved 1048576K
}
Event: 423.246 GC heap before
{Heap before GC invocations=47 (full 0):
 garbage-first heap   total 454656K, used 412290K [0x0000000080000000, 0x0000000100000000)
  region size 1024K, 266 young (272384K), 18 survivors (18432K)
 Metaspace       used 159689K, committed 162304K, reserved 1245184K
  class space    used 22407K, committed 23680K, reserved 1048576K
}
Event: 423.376 GC heap after
{Heap after GC invocations=48 (full 0):
 garbage-first heap   total 454656K, used 173529K [0x0000000080000000, 0x0000000100000000)
  region size 1024K, 33 young (33792K), 33 survivors (33792K)
 Metaspace       used 159689K, committed 162304K, reserved 1245184K
  class space    used 22407K, committed 23680K, reserved 1048576K
}
Event: 423.955 GC heap before
{Heap before GC invocations=48 (full 0):
 garbage-first heap   total 454656K, used 189913K [0x0000000080000000, 0x0000000100000000)
  region size 1024K, 51 young (52224K), 33 survivors (33792K)
 Metaspace       used 159859K, committed 162432K, reserved 1245184K
  class space    used 22409K, committed 23680K, reserved 1048576K
}
Event: 424.007 GC heap after
{Heap after GC invocations=49 (full 0):
 garbage-first heap   total 454656K, used 175540K [0x0000000080000000, 0x0000000100000000)
  region size 1024K, 4 young (4096K), 4 survivors (4096K)
 Metaspace       used 159859K, committed 162432K, reserved 1245184K
  class space    used 22409K, committed 23680K, reserved 1048576K
}
Event: 671.973 GC heap before
{Heap before GC invocations=50 (full 0):
 garbage-first heap   total 454656K, used 454068K [0x0000000080000000, 0x0000000100000000)
  region size 1024K, 224 young (229376K), 4 survivors (4096K)
 Metaspace       used 159833K, committed 162432K, reserved 1245184K
  class space    used 22393K, committed 23680K, reserved 1048576K
}
Event: 672.063 GC heap after
{Heap after GC invocations=51 (full 0):
 garbage-first heap   total 456704K, used 172791K [0x0000000080000000, 0x0000000100000000)
  region size 1024K, 2 young (2048K), 2 survivors (2048K)
 Metaspace       used 159833K, committed 162432K, reserved 1245184K
  class space    used 22393K, committed 23680K, reserved 1048576K
}
Event: 1012.005 GC heap before
{Heap before GC invocations=51 (full 0):
 garbage-first heap   total 456704K, used 430839K [0x0000000080000000, 0x0000000100000000)
  region size 1024K, 254 young (260096K), 2 survivors (2048K)
 Metaspace       used 159854K, committed 162432K, reserved 1245184K
  class space    used 22393K, committed 23680K, reserved 1048576K
}
Event: 1012.124 GC heap after
{Heap after GC invocations=52 (full 0):
 garbage-first heap   total 456704K, used 170451K [0x0000000080000000, 0x0000000100000000)
  region size 1024K, 1 young (1024K), 1 survivors (1024K)
 Metaspace       used 159854K, committed 162432K, reserved 1245184K
  class space    used 22393K, committed 23680K, reserved 1048576K
}
Event: 1224.861 GC heap before
{Heap before GC invocations=52 (full 0):
 garbage-first heap   total 456704K, used 432595K [0x0000000080000000, 0x0000000100000000)
  region size 1024K, 257 young (263168K), 1 survivors (1024K)
 Metaspace       used 160119K, committed 162688K, reserved 1245184K
  class space    used 22406K, committed 23680K, reserved 1048576K
}
Event: 1224.983 GC heap after
{Heap after GC invocations=53 (full 0):
 garbage-first heap   total 456704K, used 177503K [0x0000000080000000, 0x0000000100000000)
  region size 1024K, 8 young (8192K), 8 survivors (8192K)
 Metaspace       used 160119K, committed 162688K, reserved 1245184K
  class space    used 22406K, committed 23680K, reserved 1048576K
}
Event: 1351.984 GC heap before
{Heap before GC invocations=54 (full 0):
 garbage-first heap   total 456704K, used 455007K [0x0000000080000000, 0x0000000100000000)
  region size 1024K, 228 young (233472K), 8 survivors (8192K)
 Metaspace       used 160499K, committed 163072K, reserved 1245184K
  class space    used 22404K, committed 23680K, reserved 1048576K
}
Event: 1352.147 GC heap after
{Heap after GC invocations=55 (full 0):
 garbage-first heap   total 470016K, used 183296K [0x0000000080000000, 0x0000000100000000)
  region size 1024K, 13 young (13312K), 13 survivors (13312K)
 Metaspace       used 160499K, committed 163072K, reserved 1245184K
  class space    used 22404K, committed 23680K, reserved 1048576K
}
Event: 1702.001 GC heap before
{Heap before GC invocations=55 (full 0):
 garbage-first heap   total 470016K, used 445440K [0x0000000080000000, 0x0000000100000000)
  region size 1024K, 269 young (275456K), 13 survivors (13312K)
 Metaspace       used 160503K, committed 163072K, reserved 1245184K
  class space    used 22404K, committed 23680K, reserved 1048576K
}
Event: 1702.624 GC heap after
{Heap after GC invocations=56 (full 0):
 garbage-first heap   total 470016K, used 173865K [0x0000000080000000, 0x0000000100000000)
  region size 1024K, 14 young (14336K), 14 survivors (14336K)
 Metaspace       used 160503K, committed 163072K, reserved 1245184K
  class space    used 22404K, committed 23680K, reserved 1048576K
}
Event: 1821.950 GC heap before
{Heap before GC invocations=56 (full 0):
 garbage-first heap   total 470016K, used 266025K [0x0000000080000000, 0x0000000100000000)
  region size 1024K, 104 young (106496K), 14 survivors (14336K)
 Metaspace       used 160508K, committed 163072K, reserved 1245184K
  class space    used 22404K, committed 23680K, reserved 1048576K
}
Event: 1822.060 GC heap after
{Heap after GC invocations=57 (full 0):
 garbage-first heap   total 470016K, used 173890K [0x0000000080000000, 0x0000000100000000)
  region size 1024K, 8 young (8192K), 8 survivors (8192K)
 Metaspace       used 160508K, committed 163072K, reserved 1245184K
  class space    used 22404K, committed 23680K, reserved 1048576K
}

