# JRE version: OpenJDK Runtime Environment Microsoft-11926163 (17.0.16+8) (build 17.0.16+8-LTS)
# Java VM: OpenJDK 64-Bit Server VM Microsoft-11926163 (17.0.16+8-LTS, mixed mode, sharing, tiered, compressed oops, compressed class ptrs, parallel gc, windows-amd64)
GC Precious Log:
 CPUs: 16 total, 16 available
 Memory: 5981M
 Large Page Support: Disabled
 NUMA Support: Disabled
 Compressed Oops: Enabled (32-bit)
 Alignments: Space 512K, Generation 512K, Heap 2M
 Heap Min Capacity: 256M
 Heap Initial Capacity: 256M
 Heap Max Capacity: 2G
 Pre-touch: Disabled
 Parallel Workers: 13
Heap:
 PSYoungGen      total 102400K, used 64545K [0x00000000d5580000, 0x00000000dce00000, 0x0000000100000000)
  eden space 86528K, 70% used [0x00000000d5580000,0x00000000d911a2d8,0x00000000daa00000)
  from space 15872K, 22% used [0x00000000dbe80000,0x00000000dc1ee180,0x00000000dce00000)
  to   space 18432K, 0% used [0x00000000daa00000,0x00000000daa00000,0x00000000dbc00000)
 ParOldGen       total 175104K, used 70726K [0x0000000080000000, 0x000000008ab00000, 0x00000000d5580000)
  object space 175104K, 40% used [0x0000000080000000,0x0000000084511b60,0x000000008ab00000)
 Metaspace       used 83552K, committed 84288K, reserved 1179648K
  class space    used 11630K, committed 11968K, reserved 1048576K
GC Heap History (20 events):
Event: 12.939 GC heap before
{Heap before GC invocations=10 (full 2):
 PSYoungGen      total 81920K, used 62464K [0x00000000d5580000, 0x00000000db880000, 0x0000000100000000)
  eden space 62464K, 100% used [0x00000000d5580000,0x00000000d9280000,0x00000000d9280000)
  from space 19456K, 0% used [0x00000000d9280000,0x00000000d9280000,0x00000000da580000)
  to   space 19456K, 0% used [0x00000000da580000,0x00000000da580000,0x00000000db880000)
 ParOldGen       total 175104K, used 28170K [0x0000000080000000, 0x000000008ab00000, 0x00000000d5580000)
  object space 175104K, 16% used [0x0000000080000000,0x0000000081b82ae0,0x000000008ab00000)
 Metaspace       used 42127K, committed 42624K, reserved 1114112K
  class space    used 5939K, committed 6208K, reserved 1048576K
}
Event: 12.945 GC heap after
{Heap after GC invocations=10 (full 2):
 PSYoungGen      total 79872K, used 2400K [0x00000000d5580000, 0x00000000db780000, 0x0000000100000000)
  eden space 61440K, 0% used [0x00000000d5580000,0x00000000d5580000,0x00000000d9180000)
  from space 18432K, 13% used [0x00000000da580000,0x00000000da7d8000,0x00000000db780000)
  to   space 19456K, 0% used [0x00000000d9180000,0x00000000d9180000,0x00000000da480000)
 ParOldGen       total 175104K, used 28178K [0x0000000080000000, 0x000000008ab00000, 0x00000000d5580000)
  object space 175104K, 16% used [0x0000000080000000,0x0000000081b84ae0,0x000000008ab00000)
 Metaspace       used 42127K, committed 42624K, reserved 1114112K
  class space    used 5939K, committed 6208K, reserved 1048576K
}
Event: 15.384 GC heap before
{Heap before GC invocations=11 (full 2):
 PSYoungGen      total 79872K, used 63840K [0x00000000d5580000, 0x00000000db780000, 0x0000000100000000)
  eden space 61440K, 100% used [0x00000000d5580000,0x00000000d9180000,0x00000000d9180000)
  from space 18432K, 13% used [0x00000000da580000,0x00000000da7d8000,0x00000000db780000)
  to   space 19456K, 0% used [0x00000000d9180000,0x00000000d9180000,0x00000000da480000)
 ParOldGen       total 175104K, used 28178K [0x0000000080000000, 0x000000008ab00000, 0x00000000d5580000)
  object space 175104K, 16% used [0x0000000080000000,0x0000000081b84ae0,0x000000008ab00000)
 Metaspace       used 48864K, committed 49408K, reserved 1114112K
  class space    used 6936K, committed 7168K, reserved 1048576K
}
Event: 15.393 GC heap after
{Heap after GC invocations=11 (full 2):
 PSYoungGen      total 67072K, used 6516K [0x00000000d5580000, 0x00000000db580000, 0x0000000100000000)
  eden space 60416K, 0% used [0x00000000d5580000,0x00000000d5580000,0x00000000d9080000)
  from space 6656K, 97% used [0x00000000d9180000,0x00000000d97dd298,0x00000000d9800000)
  to   space 18944K, 0% used [0x00000000da300000,0x00000000da300000,0x00000000db580000)
 ParOldGen       total 175104K, used 28186K [0x0000000080000000, 0x000000008ab00000, 0x00000000d5580000)
  object space 175104K, 16% used [0x0000000080000000,0x0000000081b86ae0,0x000000008ab00000)
 Metaspace       used 48864K, committed 49408K, reserved 1114112K
  class space    used 6936K, committed 7168K, reserved 1048576K
}
Event: 17.497 GC heap before
{Heap before GC invocations=12 (full 2):
 PSYoungGen      total 67072K, used 66932K [0x00000000d5580000, 0x00000000db580000, 0x0000000100000000)
  eden space 60416K, 100% used [0x00000000d5580000,0x00000000d9080000,0x00000000d9080000)
  from space 6656K, 97% used [0x00000000d9180000,0x00000000d97dd298,0x00000000d9800000)
  to   space 18944K, 0% used [0x00000000da300000,0x00000000da300000,0x00000000db580000)
 ParOldGen       total 175104K, used 28186K [0x0000000080000000, 0x000000008ab00000, 0x00000000d5580000)
  object space 175104K, 16% used [0x0000000080000000,0x0000000081b86ae0,0x000000008ab00000)
 Metaspace       used 50608K, committed 51200K, reserved 1114112K
  class space    used 7141K, committed 7424K, reserved 1048576K
}
Event: 17.511 GC heap after
{Heap after GC invocations=12 (full 2):
 PSYoungGen      total 76288K, used 10436K [0x00000000d5580000, 0x00000000db380000, 0x0000000100000000)
  eden space 59392K, 0% used [0x00000000d5580000,0x00000000d5580000,0x00000000d8f80000)
  from space 16896K, 61% used [0x00000000da300000,0x00000000dad312a8,0x00000000db380000)
  to   space 18432K, 0% used [0x00000000d8f80000,0x00000000d8f80000,0x00000000da180000)
 ParOldGen       total 175104K, used 30414K [0x0000000080000000, 0x000000008ab00000, 0x00000000d5580000)
  object space 175104K, 17% used [0x0000000080000000,0x0000000081db3b10,0x000000008ab00000)
 Metaspace       used 50608K, committed 51200K, reserved 1114112K
  class space    used 7141K, committed 7424K, reserved 1048576K
}
Event: 18.130 GC heap before
{Heap before GC invocations=13 (full 2):
 PSYoungGen      total 76288K, used 69828K [0x00000000d5580000, 0x00000000db380000, 0x0000000100000000)
  eden space 59392K, 100% used [0x00000000d5580000,0x00000000d8f80000,0x00000000d8f80000)
  from space 16896K, 61% used [0x00000000da300000,0x00000000dad312a8,0x00000000db380000)
  to   space 18432K, 0% used [0x00000000d8f80000,0x00000000d8f80000,0x00000000da180000)
 ParOldGen       total 175104K, used 30414K [0x0000000080000000, 0x000000008ab00000, 0x00000000d5580000)
  object space 175104K, 17% used [0x0000000080000000,0x0000000081db3b10,0x000000008ab00000)
 Metaspace       used 50913K, committed 51520K, reserved 1114112K
  class space    used 7141K, committed 7424K, reserved 1048576K
}
Event: 18.144 GC heap after
{Heap after GC invocations=13 (full 2):
 PSYoungGen      total 77824K, used 2896K [0x00000000d5580000, 0x00000000dd780000, 0x0000000100000000)
  eden space 59392K, 0% used [0x00000000d5580000,0x00000000d5580000,0x00000000d8f80000)
  from space 18432K, 15% used [0x00000000d8f80000,0x00000000d9254010,0x00000000da180000)
  to   space 18944K, 0% used [0x00000000dc500000,0x00000000dc500000,0x00000000dd780000)
 ParOldGen       total 175104K, used 40426K [0x0000000080000000, 0x000000008ab00000, 0x00000000d5580000)
  object space 175104K, 23% used [0x0000000080000000,0x000000008277a860,0x000000008ab00000)
 Metaspace       used 50913K, committed 51520K, reserved 1114112K
  class space    used 7141K, committed 7424K, reserved 1048576K
}
Event: 19.279 GC heap before
{Heap before GC invocations=14 (full 2):
 PSYoungGen      total 77824K, used 62288K [0x00000000d5580000, 0x00000000dd780000, 0x0000000100000000)
  eden space 59392K, 100% used [0x00000000d5580000,0x00000000d8f80000,0x00000000d8f80000)
  from space 18432K, 15% used [0x00000000d8f80000,0x00000000d9254010,0x00000000da180000)
  to   space 18944K, 0% used [0x00000000dc500000,0x00000000dc500000,0x00000000dd780000)
 ParOldGen       total 175104K, used 40426K [0x0000000080000000, 0x000000008ab00000, 0x00000000d5580000)
  object space 175104K, 23% used [0x0000000080000000,0x000000008277a860,0x000000008ab00000)
 Metaspace       used 52513K, committed 53184K, reserved 1114112K
  class space    used 7340K, committed 7680K, reserved 1048576K
}
Event: 19.293 GC heap after
{Heap after GC invocations=14 (full 2):
 PSYoungGen      total 113152K, used 14073K [0x00000000d5580000, 0x00000000dd980000, 0x0000000100000000)
  eden space 94208K, 0% used [0x00000000d5580000,0x00000000d5580000,0x00000000db180000)
  from space 18944K, 74% used [0x00000000dc500000,0x00000000dd2be5f8,0x00000000dd780000)
  to   space 19968K, 0% used [0x00000000db180000,0x00000000db180000,0x00000000dc500000)
 ParOldGen       total 175104K, used 43110K [0x0000000080000000, 0x000000008ab00000, 0x00000000d5580000)
  object space 175104K, 24% used [0x0000000080000000,0x0000000082a199a0,0x000000008ab00000)
 Metaspace       used 52513K, committed 53184K, reserved 1114112K
  class space    used 7340K, committed 7680K, reserved 1048576K
}
Event: 20.927 GC heap before
{Heap before GC invocations=15 (full 2):
 PSYoungGen      total 113152K, used 82516K [0x00000000d5580000, 0x00000000dd980000, 0x0000000100000000)
  eden space 94208K, 72% used [0x00000000d5580000,0x00000000d9856a98,0x00000000db180000)
  from space 18944K, 74% used [0x00000000dc500000,0x00000000dd2be5f8,0x00000000dd780000)
  to   space 19968K, 0% used [0x00000000db180000,0x00000000db180000,0x00000000dc500000)
 ParOldGen       total 175104K, used 43110K [0x0000000080000000, 0x000000008ab00000, 0x00000000d5580000)
  object space 175104K, 24% used [0x0000000080000000,0x0000000082a199a0,0x000000008ab00000)
 Metaspace       used 59091K, committed 59776K, reserved 1114112K
  class space    used 8107K, committed 8448K, reserved 1048576K
}
Event: 20.943 GC heap after
{Heap after GC invocations=15 (full 2):
 PSYoungGen      total 114176K, used 2306K [0x00000000d5580000, 0x00000000dd980000, 0x0000000100000000)
  eden space 94208K, 0% used [0x00000000d5580000,0x00000000d5580000,0x00000000db180000)
  from space 19968K, 11% used [0x00000000db180000,0x00000000db3c09b8,0x00000000dc500000)
  to   space 19968K, 0% used [0x00000000dc600000,0x00000000dc600000,0x00000000dd980000)
 ParOldGen       total 175104K, used 56843K [0x0000000080000000, 0x000000008ab00000, 0x00000000d5580000)
  object space 175104K, 32% used [0x0000000080000000,0x0000000083782ce8,0x000000008ab00000)
 Metaspace       used 59091K, committed 59776K, reserved 1114112K
  class space    used 8107K, committed 8448K, reserved 1048576K
}
Event: 20.943 GC heap before
{Heap before GC invocations=16 (full 3):
 PSYoungGen      total 114176K, used 2306K [0x00000000d5580000, 0x00000000dd980000, 0x0000000100000000)
  eden space 94208K, 0% used [0x00000000d5580000,0x00000000d5580000,0x00000000db180000)
  from space 19968K, 11% used [0x00000000db180000,0x00000000db3c09b8,0x00000000dc500000)
  to   space 19968K, 0% used [0x00000000dc600000,0x00000000dc600000,0x00000000dd980000)
 ParOldGen       total 175104K, used 56843K [0x0000000080000000, 0x000000008ab00000, 0x00000000d5580000)
  object space 175104K, 32% used [0x0000000080000000,0x0000000083782ce8,0x000000008ab00000)
 Metaspace       used 59091K, committed 59776K, reserved 1114112K
  class space    used 8107K, committed 8448K, reserved 1048576K
}
Event: 21.072 GC heap after
{Heap after GC invocations=16 (full 3):
 PSYoungGen      total 114176K, used 0K [0x00000000d5580000, 0x00000000dd980000, 0x0000000100000000)
  eden space 94208K, 0% used [0x00000000d5580000,0x00000000d5580000,0x00000000db180000)
  from space 19968K, 0% used [0x00000000db180000,0x00000000db180000,0x00000000dc500000)
  to   space 19968K, 0% used [0x00000000dc600000,0x00000000dc600000,0x00000000dd980000)
 ParOldGen       total 175104K, used 57903K [0x0000000080000000, 0x000000008ab00000, 0x00000000d5580000)
  object space 175104K, 33% used [0x0000000080000000,0x000000008388bf98,0x000000008ab00000)
 Metaspace       used 59091K, committed 59776K, reserved 1114112K
  class space    used 8107K, committed 8448K, reserved 1048576K
}
Event: 23.464 GC heap before
{Heap before GC invocations=17 (full 3):
 PSYoungGen      total 114176K, used 94208K [0x00000000d5580000, 0x00000000dd980000, 0x0000000100000000)
  eden space 94208K, 100% used [0x00000000d5580000,0x00000000db180000,0x00000000db180000)
  from space 19968K, 0% used [0x00000000db180000,0x00000000db180000,0x00000000dc500000)
  to   space 19968K, 0% used [0x00000000dc600000,0x00000000dc600000,0x00000000dd980000)
 ParOldGen       total 175104K, used 57903K [0x0000000080000000, 0x000000008ab00000, 0x00000000d5580000)
  object space 175104K, 33% used [0x0000000080000000,0x000000008388bf98,0x000000008ab00000)
 Metaspace       used 66252K, committed 67008K, reserved 1114112K
  class space    used 9101K, committed 9472K, reserved 1048576K
}
Event: 23.477 GC heap after
{Heap after GC invocations=17 (full 3):
 PSYoungGen      total 105984K, used 8915K [0x00000000d5580000, 0x00000000dd400000, 0x0000000100000000)
  eden space 91648K, 0% used [0x00000000d5580000,0x00000000d5580000,0x00000000daf00000)
  from space 14336K, 62% used [0x00000000dc600000,0x00000000dceb4fb8,0x00000000dd400000)
  to   space 18944K, 0% used [0x00000000daf00000,0x00000000daf00000,0x00000000dc180000)
 ParOldGen       total 175104K, used 57911K [0x0000000080000000, 0x000000008ab00000, 0x00000000d5580000)
  object space 175104K, 33% used [0x0000000080000000,0x000000008388df98,0x000000008ab00000)
 Metaspace       used 66252K, committed 67008K, reserved 1114112K
  class space    used 9101K, committed 9472K, reserved 1048576K
}
Event: 25.834 GC heap before
{Heap before GC invocations=18 (full 3):
 PSYoungGen      total 105984K, used 100563K [0x00000000d5580000, 0x00000000dd400000, 0x0000000100000000)
  eden space 91648K, 100% used [0x00000000d5580000,0x00000000daf00000,0x00000000daf00000)
  from space 14336K, 62% used [0x00000000dc600000,0x00000000dceb4fb8,0x00000000dd400000)
  to   space 18944K, 0% used [0x00000000daf00000,0x00000000daf00000,0x00000000dc180000)
 ParOldGen       total 175104K, used 57911K [0x0000000080000000, 0x000000008ab00000, 0x00000000d5580000)
  object space 175104K, 33% used [0x0000000080000000,0x000000008388df98,0x000000008ab00000)
 Metaspace       used 72573K, committed 73280K, reserved 1114112K
  class space    used 9898K, committed 10240K, reserved 1048576K
}
Event: 25.851 GC heap after
{Heap after GC invocations=18 (full 3):
 PSYoungGen      total 93696K, used 4384K [0x00000000d5580000, 0x00000000dd080000, 0x0000000100000000)
  eden space 89088K, 0% used [0x00000000d5580000,0x00000000d5580000,0x00000000dac80000)
  from space 4608K, 95% used [0x00000000daf00000,0x00000000db348000,0x00000000db380000)
  to   space 18432K, 0% used [0x00000000dbe80000,0x00000000dbe80000,0x00000000dd080000)
 ParOldGen       total 175104K, used 66587K [0x0000000080000000, 0x000000008ab00000, 0x00000000d5580000)
  object space 175104K, 38% used [0x0000000080000000,0x0000000084106d48,0x000000008ab00000)
 Metaspace       used 72573K, committed 73280K, reserved 1114112K
  class space    used 9898K, committed 10240K, reserved 1048576K
}
Event: 27.897 GC heap before
{Heap before GC invocations=19 (full 3):
 PSYoungGen      total 93696K, used 93472K [0x00000000d5580000, 0x00000000dd080000, 0x0000000100000000)
  eden space 89088K, 100% used [0x00000000d5580000,0x00000000dac80000,0x00000000dac80000)
  from space 4608K, 95% used [0x00000000daf00000,0x00000000db348000,0x00000000db380000)
  to   space 18432K, 0% used [0x00000000dbe80000,0x00000000dbe80000,0x00000000dd080000)
 ParOldGen       total 175104K, used 66587K [0x0000000080000000, 0x000000008ab00000, 0x00000000d5580000)
  object space 175104K, 38% used [0x0000000080000000,0x0000000084106d48,0x000000008ab00000)
 Metaspace       used 78962K, committed 79680K, reserved 1179648K
  class space    used 10959K, committed 11328K, reserved 1048576K
}
Event: 27.912 GC heap after
{Heap after GC invocations=19 (full 3):
 PSYoungGen      total 102400K, used 3512K [0x00000000d5580000, 0x00000000dce00000, 0x0000000100000000)
  eden space 86528K, 0% used [0x00000000d5580000,0x00000000d5580000,0x00000000daa00000)
  from space 15872K, 22% used [0x00000000dbe80000,0x00000000dc1ee180,0x00000000dce00000)
  to   space 18432K, 0% used [0x00000000daa00000,0x00000000daa00000,0x00000000dbc00000)
 ParOldGen       total 175104K, used 70726K [0x0000000080000000, 0x000000008ab00000, 0x00000000d5580000)
  object space 175104K, 40% used [0x0000000080000000,0x0000000084511b60,0x000000008ab00000)
 Metaspace       used 78962K, committed 79680K, reserved 1179648K
  class space    used 10959K, committed 11328K, reserved 1048576K
}

