# JRE version: OpenJDK Runtime Environment Microsoft-11926163 (17.0.16+8) (build 17.0.16+8-LTS)
# Java VM: OpenJDK 64-Bit Server VM Microsoft-11926163 (17.0.16+8-LTS, mixed mode, sharing, tiered, compressed oops, compressed class ptrs, parallel gc, windows-amd64)
GC Precious Log:
 CPUs: 16 total, 16 available
 Memory: 5981M
 Large Page Support: Disabled
 NUMA Support: Disabled
 Compressed Oops: Enabled (Zero based)
 Alignments: Space 512K, Generation 512K, Heap 2M
 Heap Min Capacity: 512M
 Heap Initial Capacity: 512M
 Heap Max Capacity: 4G
 Pre-touch: Disabled
 Parallel Workers: 13
Heap:
 PSYoungGen      total 125440K, used 124944K [0x00000007aab00000, 0x00000007b5000000, 0x0000000800000000)
  eden space 112640K, 99% used [0x00000007aab00000,0x00000007b18e5de0,0x00000007b1900000)
  from space 12800K, 96% used [0x00000007b1b80000,0x00000007b279e508,0x00000007b2800000)
  to   space 28160K, 0% used [0x00000007b3480000,0x00000007b3480000,0x00000007b5000000)
 ParOldGen       total 349696K, used 99785K [0x0000000700000000, 0x0000000715580000, 0x00000007aab00000)
  object space 349696K, 28% used [0x0000000700000000,0x00000007061724c8,0x0000000715580000)
 Metaspace       used 131597K, committed 132608K, reserved 1179648K
  class space    used 17365K, committed 17856K, reserved 1048576K
GC Heap History (20 events):
Event: 14.858 GC heap before
{Heap before GC invocations=10 (full 2):
 PSYoungGen      total 147456K, used 55960K [0x00000007aab00000, 0x00000007b6100000, 0x0000000800000000)
  eden space 122880K, 25% used [0x00000007aab00000,0x00000007ac9a97b8,0x00000007b2300000)
  from space 24576K, 99% used [0x00000007b2580000,0x00000007b3d7ca40,0x00000007b3d80000)
  to   space 31744K, 0% used [0x00000007b4200000,0x00000007b4200000,0x00000007b6100000)
 ParOldGen       total 349696K, used 33536K [0x0000000700000000, 0x0000000715580000, 0x00000007aab00000)
  object space 349696K, 9% used [0x0000000700000000,0x00000007020c03a0,0x0000000715580000)
 Metaspace       used 59129K, committed 59776K, reserved 1114112K
  class space    used 8092K, committed 8384K, reserved 1048576K
}
Event: 14.881 GC heap after
{Heap after GC invocations=10 (full 2):
 PSYoungGen      total 152064K, used 25662K [0x00000007aab00000, 0x00000007b6600000, 0x0000000800000000)
  eden space 120320K, 0% used [0x00000007aab00000,0x00000007aab00000,0x00000007b2080000)
  from space 31744K, 80% used [0x00000007b4200000,0x00000007b5b0fa48,0x00000007b6100000)
  to   space 34304K, 0% used [0x00000007b2080000,0x00000007b2080000,0x00000007b4200000)
 ParOldGen       total 349696K, used 33544K [0x0000000700000000, 0x0000000715580000, 0x00000007aab00000)
  object space 349696K, 9% used [0x0000000700000000,0x00000007020c23a0,0x0000000715580000)
 Metaspace       used 59129K, committed 59776K, reserved 1114112K
  class space    used 8092K, committed 8384K, reserved 1048576K
}
Event: 14.881 GC heap before
{Heap before GC invocations=11 (full 3):
 PSYoungGen      total 152064K, used 25662K [0x00000007aab00000, 0x00000007b6600000, 0x0000000800000000)
  eden space 120320K, 0% used [0x00000007aab00000,0x00000007aab00000,0x00000007b2080000)
  from space 31744K, 80% used [0x00000007b4200000,0x00000007b5b0fa48,0x00000007b6100000)
  to   space 34304K, 0% used [0x00000007b2080000,0x00000007b2080000,0x00000007b4200000)
 ParOldGen       total 349696K, used 33544K [0x0000000700000000, 0x0000000715580000, 0x00000007aab00000)
  object space 349696K, 9% used [0x0000000700000000,0x00000007020c23a0,0x0000000715580000)
 Metaspace       used 59129K, committed 59776K, reserved 1114112K
  class space    used 8092K, committed 8384K, reserved 1048576K
}
Event: 14.956 GC heap after
{Heap after GC invocations=11 (full 3):
 PSYoungGen      total 152064K, used 0K [0x00000007aab00000, 0x00000007b6600000, 0x0000000800000000)
  eden space 120320K, 0% used [0x00000007aab00000,0x00000007aab00000,0x00000007b2080000)
  from space 31744K, 0% used [0x00000007b4200000,0x00000007b4200000,0x00000007b6100000)
  to   space 34304K, 0% used [0x00000007b2080000,0x00000007b2080000,0x00000007b4200000)
 ParOldGen       total 349696K, used 57447K [0x0000000700000000, 0x0000000715580000, 0x00000007aab00000)
  object space 349696K, 16% used [0x0000000700000000,0x0000000703819c88,0x0000000715580000)
 Metaspace       used 59129K, committed 59776K, reserved 1114112K
  class space    used 8092K, committed 8384K, reserved 1048576K
}
Event: 16.626 GC heap before
{Heap before GC invocations=12 (full 3):
 PSYoungGen      total 152064K, used 120320K [0x00000007aab00000, 0x00000007b6600000, 0x0000000800000000)
  eden space 120320K, 100% used [0x00000007aab00000,0x00000007b2080000,0x00000007b2080000)
  from space 31744K, 0% used [0x00000007b4200000,0x00000007b4200000,0x00000007b6100000)
  to   space 34304K, 0% used [0x00000007b2080000,0x00000007b2080000,0x00000007b4200000)
 ParOldGen       total 349696K, used 57447K [0x0000000700000000, 0x0000000715580000, 0x00000007aab00000)
  object space 349696K, 16% used [0x0000000700000000,0x0000000703819c88,0x0000000715580000)
 Metaspace       used 68052K, committed 68800K, reserved 1114112K
  class space    used 9301K, committed 9664K, reserved 1048576K
}
Event: 17.746 GC heap after
{Heap after GC invocations=12 (full 3):
 PSYoungGen      total 154624K, used 10054K [0x00000007aab00000, 0x00000007b6600000, 0x0000000800000000)
  eden space 120320K, 0% used [0x00000007aab00000,0x00000007aab00000,0x00000007b2080000)
  from space 34304K, 29% used [0x00000007b2080000,0x00000007b2a51960,0x00000007b4200000)
  to   space 31744K, 0% used [0x00000007b4200000,0x00000007b4200000,0x00000007b6100000)
 ParOldGen       total 349696K, used 57455K [0x0000000700000000, 0x0000000715580000, 0x00000007aab00000)
  object space 349696K, 16% used [0x0000000700000000,0x000000070381bc88,0x0000000715580000)
 Metaspace       used 68052K, committed 68800K, reserved 1114112K
  class space    used 9301K, committed 9664K, reserved 1048576K
}
Event: 19.565 GC heap before
{Heap before GC invocations=13 (full 3):
 PSYoungGen      total 154624K, used 130374K [0x00000007aab00000, 0x00000007b6600000, 0x0000000800000000)
  eden space 120320K, 100% used [0x00000007aab00000,0x00000007b2080000,0x00000007b2080000)
  from space 34304K, 29% used [0x00000007b2080000,0x00000007b2a51960,0x00000007b4200000)
  to   space 31744K, 0% used [0x00000007b4200000,0x00000007b4200000,0x00000007b6100000)
 ParOldGen       total 349696K, used 57455K [0x0000000700000000, 0x0000000715580000, 0x00000007aab00000)
  object space 349696K, 16% used [0x0000000700000000,0x000000070381bc88,0x0000000715580000)
 Metaspace       used 75905K, committed 76672K, reserved 1179648K
  class space    used 10415K, committed 10816K, reserved 1048576K
}
Event: 21.598 GC heap after
{Heap after GC invocations=13 (full 3):
 PSYoungGen      total 152064K, used 16787K [0x00000007aab00000, 0x00000007b6600000, 0x0000000800000000)
  eden space 120320K, 0% used [0x00000007aab00000,0x00000007aab00000,0x00000007b2080000)
  from space 31744K, 52% used [0x00000007b4200000,0x00000007b5264cd0,0x00000007b6100000)
  to   space 34304K, 0% used [0x00000007b2080000,0x00000007b2080000,0x00000007b4200000)
 ParOldGen       total 349696K, used 57463K [0x0000000700000000, 0x0000000715580000, 0x00000007aab00000)
  object space 349696K, 16% used [0x0000000700000000,0x000000070381dc88,0x0000000715580000)
 Metaspace       used 75905K, committed 76672K, reserved 1179648K
  class space    used 10415K, committed 10816K, reserved 1048576K
}
Event: 28.153 GC heap before
{Heap before GC invocations=14 (full 3):
 PSYoungGen      total 152064K, used 137107K [0x00000007aab00000, 0x00000007b6600000, 0x0000000800000000)
  eden space 120320K, 100% used [0x00000007aab00000,0x00000007b2080000,0x00000007b2080000)
  from space 31744K, 52% used [0x00000007b4200000,0x00000007b5264cd0,0x00000007b6100000)
  to   space 34304K, 0% used [0x00000007b2080000,0x00000007b2080000,0x00000007b4200000)
 ParOldGen       total 349696K, used 57463K [0x0000000700000000, 0x0000000715580000, 0x00000007aab00000)
  object space 349696K, 16% used [0x0000000700000000,0x000000070381dc88,0x0000000715580000)
 Metaspace       used 84601K, committed 85376K, reserved 1179648K
  class space    used 11755K, committed 12160K, reserved 1048576K
}
Event: 28.168 GC heap after
{Heap after GC invocations=14 (full 3):
 PSYoungGen      total 123392K, used 5159K [0x00000007aab00000, 0x00000007b5d00000, 0x0000000800000000)
  eden space 117760K, 0% used [0x00000007aab00000,0x00000007aab00000,0x00000007b1e00000)
  from space 5632K, 91% used [0x00000007b2080000,0x00000007b2589cd8,0x00000007b2600000)
  to   space 32256K, 0% used [0x00000007b3d80000,0x00000007b3d80000,0x00000007b5d00000)
 ParOldGen       total 349696K, used 74064K [0x0000000700000000, 0x0000000715580000, 0x00000007aab00000)
  object space 349696K, 21% used [0x0000000700000000,0x0000000704854158,0x0000000715580000)
 Metaspace       used 84601K, committed 85376K, reserved 1179648K
  class space    used 11755K, committed 12160K, reserved 1048576K
}
Event: 29.766 GC heap before
{Heap before GC invocations=15 (full 3):
 PSYoungGen      total 123392K, used 122919K [0x00000007aab00000, 0x00000007b5d00000, 0x0000000800000000)
  eden space 117760K, 100% used [0x00000007aab00000,0x00000007b1e00000,0x00000007b1e00000)
  from space 5632K, 91% used [0x00000007b2080000,0x00000007b2589cd8,0x00000007b2600000)
  to   space 32256K, 0% used [0x00000007b3d80000,0x00000007b3d80000,0x00000007b5d00000)
 ParOldGen       total 349696K, used 74064K [0x0000000700000000, 0x0000000715580000, 0x00000007aab00000)
  object space 349696K, 21% used [0x0000000700000000,0x0000000704854158,0x0000000715580000)
 Metaspace       used 93792K, committed 94592K, reserved 1179648K
  class space    used 12913K, committed 13312K, reserved 1048576K
}
Event: 29.780 GC heap after
{Heap after GC invocations=15 (full 3):
 PSYoungGen      total 142848K, used 11075K [0x00000007aab00000, 0x00000007b5880000, 0x0000000800000000)
  eden space 115200K, 0% used [0x00000007aab00000,0x00000007aab00000,0x00000007b1b80000)
  from space 27648K, 40% used [0x00000007b3d80000,0x00000007b4850cb0,0x00000007b5880000)
  to   space 31232K, 0% used [0x00000007b1b80000,0x00000007b1b80000,0x00000007b3a00000)
 ParOldGen       total 349696K, used 79045K [0x0000000700000000, 0x0000000715580000, 0x00000007aab00000)
  object space 349696K, 22% used [0x0000000700000000,0x0000000704d314b8,0x0000000715580000)
 Metaspace       used 93792K, committed 94592K, reserved 1179648K
  class space    used 12913K, committed 13312K, reserved 1048576K
}
Event: 30.637 GC heap before
{Heap before GC invocations=16 (full 3):
 PSYoungGen      total 142848K, used 126274K [0x00000007aab00000, 0x00000007b5880000, 0x0000000800000000)
  eden space 115200K, 99% used [0x00000007aab00000,0x00000007b1b7fe00,0x00000007b1b80000)
  from space 27648K, 40% used [0x00000007b3d80000,0x00000007b4850cb0,0x00000007b5880000)
  to   space 31232K, 0% used [0x00000007b1b80000,0x00000007b1b80000,0x00000007b3a00000)
 ParOldGen       total 349696K, used 79045K [0x0000000700000000, 0x0000000715580000, 0x00000007aab00000)
  object space 349696K, 22% used [0x0000000700000000,0x0000000704d314b8,0x0000000715580000)
 Metaspace       used 94252K, committed 95104K, reserved 1179648K
  class space    used 12938K, committed 13376K, reserved 1048576K
}
Event: 32.669 GC heap after
{Heap after GC invocations=16 (full 3):
 PSYoungGen      total 146432K, used 7808K [0x00000007aab00000, 0x00000007b5880000, 0x0000000800000000)
  eden space 115200K, 0% used [0x00000007aab00000,0x00000007aab00000,0x00000007b1b80000)
  from space 31232K, 25% used [0x00000007b1b80000,0x00000007b2320050,0x00000007b3a00000)
  to   space 27648K, 0% used [0x00000007b3d80000,0x00000007b3d80000,0x00000007b5880000)
 ParOldGen       total 349696K, used 89302K [0x0000000700000000, 0x0000000715580000, 0x00000007aab00000)
  object space 349696K, 25% used [0x0000000700000000,0x0000000705735b80,0x0000000715580000)
 Metaspace       used 94252K, committed 95104K, reserved 1179648K
  class space    used 12938K, committed 13376K, reserved 1048576K
}
Event: 33.542 GC heap before
{Heap before GC invocations=17 (full 3):
 PSYoungGen      total 146432K, used 89347K [0x00000007aab00000, 0x00000007b5880000, 0x0000000800000000)
  eden space 115200K, 70% used [0x00000007aab00000,0x00000007afaa0ea8,0x00000007b1b80000)
  from space 31232K, 25% used [0x00000007b1b80000,0x00000007b2320050,0x00000007b3a00000)
  to   space 27648K, 0% used [0x00000007b3d80000,0x00000007b3d80000,0x00000007b5880000)
 ParOldGen       total 349696K, used 89302K [0x0000000700000000, 0x0000000715580000, 0x00000007aab00000)
  object space 349696K, 25% used [0x0000000700000000,0x0000000705735b80,0x0000000715580000)
 Metaspace       used 98830K, committed 99648K, reserved 1179648K
  class space    used 13351K, committed 13760K, reserved 1048576K
}
Event: 35.575 GC heap after
{Heap after GC invocations=17 (full 3):
 PSYoungGen      total 142848K, used 9524K [0x00000007aab00000, 0x00000007b5880000, 0x0000000800000000)
  eden space 115200K, 0% used [0x00000007aab00000,0x00000007aab00000,0x00000007b1b80000)
  from space 27648K, 34% used [0x00000007b3d80000,0x00000007b46cd1c0,0x00000007b5880000)
  to   space 31232K, 0% used [0x00000007b1b80000,0x00000007b1b80000,0x00000007b3a00000)
 ParOldGen       total 349696K, used 95879K [0x0000000700000000, 0x0000000715580000, 0x00000007aab00000)
  object space 349696K, 27% used [0x0000000700000000,0x0000000705da1d38,0x0000000715580000)
 Metaspace       used 98830K, committed 99648K, reserved 1179648K
  class space    used 13351K, committed 13760K, reserved 1048576K
}
Event: 35.575 GC heap before
{Heap before GC invocations=18 (full 4):
 PSYoungGen      total 142848K, used 9524K [0x00000007aab00000, 0x00000007b5880000, 0x0000000800000000)
  eden space 115200K, 0% used [0x00000007aab00000,0x00000007aab00000,0x00000007b1b80000)
  from space 27648K, 34% used [0x00000007b3d80000,0x00000007b46cd1c0,0x00000007b5880000)
  to   space 31232K, 0% used [0x00000007b1b80000,0x00000007b1b80000,0x00000007b3a00000)
 ParOldGen       total 349696K, used 95879K [0x0000000700000000, 0x0000000715580000, 0x00000007aab00000)
  object space 349696K, 27% used [0x0000000700000000,0x0000000705da1d38,0x0000000715580000)
 Metaspace       used 98830K, committed 99648K, reserved 1179648K
  class space    used 13351K, committed 13760K, reserved 1048576K
}
Event: 35.668 GC heap after
{Heap after GC invocations=18 (full 4):
 PSYoungGen      total 142848K, used 0K [0x00000007aab00000, 0x00000007b5880000, 0x0000000800000000)
  eden space 115200K, 0% used [0x00000007aab00000,0x00000007aab00000,0x00000007b1b80000)
  from space 27648K, 0% used [0x00000007b3d80000,0x00000007b3d80000,0x00000007b5880000)
  to   space 31232K, 0% used [0x00000007b1b80000,0x00000007b1b80000,0x00000007b3a00000)
 ParOldGen       total 349696K, used 99632K [0x0000000700000000, 0x0000000715580000, 0x00000007aab00000)
  object space 349696K, 28% used [0x0000000700000000,0x000000070614c0a8,0x0000000715580000)
 Metaspace       used 98830K, committed 99648K, reserved 1179648K
  class space    used 13351K, committed 13760K, reserved 1048576K
}
Event: 37.466 GC heap before
{Heap before GC invocations=19 (full 4):
 PSYoungGen      total 142848K, used 115200K [0x00000007aab00000, 0x00000007b5880000, 0x0000000800000000)
  eden space 115200K, 100% used [0x00000007aab00000,0x00000007b1b80000,0x00000007b1b80000)
  from space 27648K, 0% used [0x00000007b3d80000,0x00000007b3d80000,0x00000007b5880000)
  to   space 31232K, 0% used [0x00000007b1b80000,0x00000007b1b80000,0x00000007b3a00000)
 ParOldGen       total 349696K, used 99632K [0x0000000700000000, 0x0000000715580000, 0x00000007aab00000)
  object space 349696K, 28% used [0x0000000700000000,0x000000070614c0a8,0x0000000715580000)
 Metaspace       used 118369K, committed 119360K, reserved 1179648K
  class space    used 15952K, committed 16448K, reserved 1048576K
}
Event: 37.479 GC heap after
{Heap after GC invocations=19 (full 4):
 PSYoungGen      total 125440K, used 12409K [0x00000007aab00000, 0x00000007b5000000, 0x0000000800000000)
  eden space 112640K, 0% used [0x00000007aab00000,0x00000007aab00000,0x00000007b1900000)
  from space 12800K, 96% used [0x00000007b1b80000,0x00000007b279e508,0x00000007b2800000)
  to   space 28160K, 0% used [0x00000007b3480000,0x00000007b3480000,0x00000007b5000000)
 ParOldGen       total 349696K, used 99785K [0x0000000700000000, 0x0000000715580000, 0x00000007aab00000)
  object space 349696K, 28% used [0x0000000700000000,0x00000007061724c8,0x0000000715580000)
 Metaspace       used 118369K, committed 119360K, reserved 1179648K
  class space    used 15952K, committed 16448K, reserved 1048576K
}

