# JRE version: OpenJDK Runtime Environment (21.0.9) (build 21.0.9+-14649483-b1163.86)
# Java VM: OpenJDK 64-Bit Server VM (21.0.9+-14649483-b1163.86, mixed mode, tiered, compressed oops, compressed class ptrs, g1 gc, windows-amd64)
GC Precious Log:
 CardTable entry size: 512
 Card Set container configuration: InlinePtr #cards 5 size 8 Array Of Cards #cards 12 size 40 Howl #buckets 4 coarsen threshold 1843 Howl Bitmap #cards 512 size 80 coarsen threshold 460 Card regions per heap region 1 cards per card region 2048
 CPUs: 16 total, 16 available
 Memory: 5981M
 Large Page Support: Disabled
 NUMA Support: Disabled
 Compressed Oops: Enabled (32-bit)
 Heap Region Size: 1M
 Heap Min Capacity: 8M
 Heap Initial Capacity: 94M
 Heap Max Capacity: 2G
 Pre-touch: Disabled
 Parallel Workers: 13
 Concurrent Workers: 3
 Concurrent Refinement Workers: 13
 Periodic GC: Disabled
Heap:
 garbage-first heap   total 482304K, used 220088K [0x0000000080000000, 0x0000000100000000)
  region size 1024K, 33 young (33792K), 7 survivors (7168K)
 Metaspace       used 226906K, committed 229568K, reserved 1310720K
  class space    used 30396K, committed 31680K, reserved 1048576K
GC Heap History (20 events):
Event: 68.024 GC heap before
{Heap before GC invocations=66 (full 0):
 garbage-first heap   total 477184K, used 431069K [0x0000000080000000, 0x0000000100000000)
  region size 1024K, 228 young (233472K), 15 survivors (15360K)
 Metaspace       used 202034K, committed 204608K, reserved 1245184K
  class space    used 26268K, committed 27520K, reserved 1048576K
}
Event: 68.046 GC heap after
{Heap after GC invocations=67 (full 0):
 garbage-first heap   total 477184K, used 221149K [0x0000000080000000, 0x0000000100000000)
  region size 1024K, 24 young (24576K), 24 survivors (24576K)
 Metaspace       used 202034K, committed 204608K, reserved 1245184K
  class space    used 26268K, committed 27520K, reserved 1048576K
}
Event: 69.074 GC heap before
{Heap before GC invocations=67 (full 0):
 garbage-first heap   total 477184K, used 434141K [0x0000000080000000, 0x0000000100000000)
  region size 1024K, 233 young (238592K), 24 survivors (24576K)
 Metaspace       used 202112K, committed 204672K, reserved 1245184K
  class space    used 26276K, committed 27520K, reserved 1048576K
}
Event: 69.103 GC heap after
{Heap after GC invocations=68 (full 0):
 garbage-first heap   total 477184K, used 221497K [0x0000000080000000, 0x0000000100000000)
  region size 1024K, 13 young (13312K), 13 survivors (13312K)
 Metaspace       used 202112K, committed 204672K, reserved 1245184K
  class space    used 26276K, committed 27520K, reserved 1048576K
}
Event: 73.192 GC heap before
{Heap before GC invocations=68 (full 0):
 garbage-first heap   total 477184K, used 439609K [0x0000000080000000, 0x0000000100000000)
  region size 1024K, 227 young (232448K), 13 survivors (13312K)
 Metaspace       used 213789K, committed 216512K, reserved 1245184K
  class space    used 28294K, committed 29632K, reserved 1048576K
}
Event: 73.212 GC heap after
{Heap after GC invocations=69 (full 0):
 garbage-first heap   total 477184K, used 231532K [0x0000000080000000, 0x0000000100000000)
  region size 1024K, 23 young (23552K), 23 survivors (23552K)
 Metaspace       used 213789K, committed 216512K, reserved 1245184K
  class space    used 28294K, committed 29632K, reserved 1048576K
}
Event: 74.601 GC heap before
{Heap before GC invocations=70 (full 0):
 garbage-first heap   total 477184K, used 440428K [0x0000000080000000, 0x0000000100000000)
  region size 1024K, 228 young (233472K), 23 survivors (23552K)
 Metaspace       used 225162K, committed 227904K, reserved 1310720K
  class space    used 30352K, committed 31680K, reserved 1048576K
}
Event: 74.625 GC heap after
{Heap after GC invocations=71 (full 0):
 garbage-first heap   total 477184K, used 235665K [0x0000000080000000, 0x0000000100000000)
  region size 1024K, 19 young (19456K), 19 survivors (19456K)
 Metaspace       used 225162K, committed 227904K, reserved 1310720K
  class space    used 30352K, committed 31680K, reserved 1048576K
}
Event: 75.323 GC heap before
{Heap before GC invocations=71 (full 0):
 garbage-first heap   total 477184K, used 444561K [0x0000000080000000, 0x0000000100000000)
  region size 1024K, 224 young (229376K), 19 survivors (19456K)
 Metaspace       used 227165K, committed 229952K, reserved 1310720K
  class space    used 30652K, committed 32000K, reserved 1048576K
}
Event: 75.337 GC heap after
{Heap after GC invocations=72 (full 0):
 garbage-first heap   total 477184K, used 227101K [0x0000000080000000, 0x0000000100000000)
  region size 1024K, 6 young (6144K), 6 survivors (6144K)
 Metaspace       used 227165K, committed 229952K, reserved 1310720K
  class space    used 30652K, committed 32000K, reserved 1048576K
}
Event: 76.833 GC heap before
{Heap before GC invocations=72 (full 0):
 garbage-first heap   total 477184K, used 330525K [0x0000000080000000, 0x0000000100000000)
  region size 1024K, 109 young (111616K), 6 survivors (6144K)
 Metaspace       used 229248K, committed 231936K, reserved 1310720K
  class space    used 30872K, committed 32192K, reserved 1048576K
}
Event: 76.844 GC heap after
{Heap after GC invocations=73 (full 0):
 garbage-first heap   total 477184K, used 225615K [0x0000000080000000, 0x0000000100000000)
  region size 1024K, 5 young (5120K), 5 survivors (5120K)
 Metaspace       used 229248K, committed 231936K, reserved 1310720K
  class space    used 30872K, committed 32192K, reserved 1048576K
}
Event: 78.661 GC heap before
{Heap before GC invocations=74 (full 0):
 garbage-first heap   total 477184K, used 475471K [0x0000000080000000, 0x0000000100000000)
  region size 1024K, 83 young (84992K), 5 survivors (5120K)
 Metaspace       used 224139K, committed 227008K, reserved 1310720K
  class space    used 30173K, committed 31616K, reserved 1048576K
}
Event: 78.672 GC heap after
{Heap after GC invocations=75 (full 0):
 garbage-first heap   total 482304K, used 213788K [0x0000000080000000, 0x0000000100000000)
  region size 1024K, 5 young (5120K), 5 survivors (5120K)
 Metaspace       used 224139K, committed 227008K, reserved 1310720K
  class space    used 30173K, committed 31616K, reserved 1048576K
}
Event: 314.190 GC heap before
{Heap before GC invocations=75 (full 0):
 garbage-first heap   total 482304K, used 455452K [0x0000000080000000, 0x0000000100000000)
  region size 1024K, 242 young (247808K), 5 survivors (5120K)
 Metaspace       used 226725K, committed 229376K, reserved 1310720K
  class space    used 30386K, committed 31680K, reserved 1048576K
}
Event: 314.616 GC heap after
{Heap after GC invocations=76 (full 0):
 garbage-first heap   total 482304K, used 192680K [0x0000000080000000, 0x0000000100000000)
  region size 1024K, 5 young (5120K), 5 survivors (5120K)
 Metaspace       used 226725K, committed 229376K, reserved 1310720K
  class space    used 30386K, committed 31680K, reserved 1048576K
}
Event: 603.972 GC heap before
{Heap before GC invocations=76 (full 0):
 garbage-first heap   total 482304K, used 455848K [0x0000000080000000, 0x0000000100000000)
  region size 1024K, 262 young (268288K), 5 survivors (5120K)
 Metaspace       used 226743K, committed 229440K, reserved 1310720K
  class space    used 30391K, committed 31680K, reserved 1048576K
}
Event: 604.161 GC heap after
{Heap after GC invocations=77 (full 0):
 garbage-first heap   total 482304K, used 192512K [0x0000000080000000, 0x0000000100000000)
  region size 1024K, 5 young (5120K), 5 survivors (5120K)
 Metaspace       used 226743K, committed 229440K, reserved 1310720K
  class space    used 30391K, committed 31680K, reserved 1048576K
}
Event: 821.625 GC heap before
{Heap before GC invocations=78 (full 0):
 garbage-first heap   total 482304K, used 454656K [0x0000000080000000, 0x0000000100000000)
  region size 1024K, 262 young (268288K), 5 survivors (5120K)
 Metaspace       used 226860K, committed 229568K, reserved 1310720K
  class space    used 30396K, committed 31680K, reserved 1048576K
}
Event: 822.039 GC heap after
{Heap after GC invocations=79 (full 0):
 garbage-first heap   total 482304K, used 194488K [0x0000000080000000, 0x0000000100000000)
  region size 1024K, 7 young (7168K), 7 survivors (7168K)
 Metaspace       used 226860K, committed 229568K, reserved 1310720K
  class space    used 30396K, committed 31680K, reserved 1048576K
}

