# JRE version: OpenJDK Runtime Environment Corretto-17.0.17.10.1 (17.0.17+10) (build 17.0.17+10-LTS)
# Java VM: OpenJDK 64-Bit Server VM Corretto-17.0.17.10.1 (17.0.17+10-LTS, mixed mode, sharing, tiered, compressed oops, compressed class ptrs, parallel gc, windows-amd64)
GC Precious Log:
 CPUs: 16 total, 16 available
 Memory: 5981M
 Large Page Support: Disabled
 NUMA Support: Disabled
 Compressed Oops: Enabled (Zero based)
 Alignments: Space 512K, Generation 512K, Heap 2M
 Heap Min Capacity: 512M
 Heap Initial Capacity: 512M
 Heap Max Capacity: 4G
 Pre-touch: Disabled
 Parallel Workers: 13
Heap:
 PSYoungGen      total 188416K, used 160664K [0x00000007aab00000, 0x00000007b8400000, 0x0000000800000000)
  eden space 163840K, 95% used [0x00000007aab00000,0x00000007b433ab58,0x00000007b4b00000)
  from space 24576K, 19% used [0x00000007b6c00000,0x00000007b70ab548,0x00000007b8400000)
  to   space 29184K, 0% used [0x00000007b4b00000,0x00000007b4b00000,0x00000007b6780000)
 ParOldGen       total 349696K, used 172066K [0x0000000700000000, 0x0000000715580000, 0x00000007aab00000)
  object space 349696K, 49% used [0x0000000700000000,0x000000070a808a58,0x0000000715580000)
 Metaspace       used 188149K, committed 189696K, reserved 1245184K
  class space    used 24882K, committed 25664K, reserved 1048576K
GC Heap History (20 events):
Event: 23.206 GC heap before
{Heap before GC invocations=18 (full 4):
 PSYoungGen      total 128000K, used 127744K [0x00000007aab00000, 0x00000007b5b00000, 0x0000000800000000)
  eden space 116736K, 100% used [0x00000007aab00000,0x00000007b1d00000,0x00000007b1d00000)
  from space 11264K, 97% used [0x00000007b1f80000,0x00000007b2a40040,0x00000007b2a80000)
  to   space 31744K, 0% used [0x00000007b3c00000,0x00000007b3c00000,0x00000007b5b00000)
 ParOldGen       total 349696K, used 101094K [0x0000000700000000, 0x0000000715580000, 0x00000007aab00000)
  object space 349696K, 28% used [0x0000000700000000,0x00000007062b99b8,0x0000000715580000)
 Metaspace       used 101280K, committed 102400K, reserved 1179648K
  class space    used 13968K, committed 14528K, reserved 1048576K
}
Event: 23.221 GC heap after
{Heap after GC invocations=18 (full 4):
 PSYoungGen      total 148992K, used 12207K [0x00000007aab00000, 0x00000007b9e80000, 0x0000000800000000)
  eden space 117248K, 0% used [0x00000007aab00000,0x00000007aab00000,0x00000007b1d80000)
  from space 31744K, 38% used [0x00000007b3c00000,0x00000007b47ebe38,0x00000007b5b00000)
  to   space 31232K, 0% used [0x00000007b1d80000,0x00000007b1d80000,0x00000007b3c00000)
 ParOldGen       total 349696K, used 109642K [0x0000000700000000, 0x0000000715580000, 0x00000007aab00000)
  object space 349696K, 31% used [0x0000000700000000,0x0000000706b12b60,0x0000000715580000)
 Metaspace       used 101280K, committed 102400K, reserved 1179648K
  class space    used 13968K, committed 14528K, reserved 1048576K
}
Event: 23.863 GC heap before
{Heap before GC invocations=19 (full 4):
 PSYoungGen      total 148992K, used 129455K [0x00000007aab00000, 0x00000007b9e80000, 0x0000000800000000)
  eden space 117248K, 100% used [0x00000007aab00000,0x00000007b1d80000,0x00000007b1d80000)
  from space 31744K, 38% used [0x00000007b3c00000,0x00000007b47ebe38,0x00000007b5b00000)
  to   space 31232K, 0% used [0x00000007b1d80000,0x00000007b1d80000,0x00000007b3c00000)
 ParOldGen       total 349696K, used 109642K [0x0000000700000000, 0x0000000715580000, 0x00000007aab00000)
  object space 349696K, 31% used [0x0000000700000000,0x0000000706b12b60,0x0000000715580000)
 Metaspace       used 105298K, committed 106432K, reserved 1179648K
  class space    used 14277K, committed 14848K, reserved 1048576K
}
Event: 23.874 GC heap after
{Heap after GC invocations=19 (full 4):
 PSYoungGen      total 148480K, used 7830K [0x00000007aab00000, 0x00000007b9e80000, 0x0000000800000000)
  eden space 117248K, 0% used [0x00000007aab00000,0x00000007aab00000,0x00000007b1d80000)
  from space 31232K, 25% used [0x00000007b1d80000,0x00000007b2525b38,0x00000007b3c00000)
  to   space 30720K, 0% used [0x00000007b8080000,0x00000007b8080000,0x00000007b9e80000)
 ParOldGen       total 349696K, used 119367K [0x0000000700000000, 0x0000000715580000, 0x00000007aab00000)
  object space 349696K, 34% used [0x0000000700000000,0x0000000707491ca8,0x0000000715580000)
 Metaspace       used 105298K, committed 106432K, reserved 1179648K
  class space    used 14277K, committed 14848K, reserved 1048576K
}
Event: 25.107 GC heap before
{Heap before GC invocations=20 (full 4):
 PSYoungGen      total 148480K, used 124001K [0x00000007aab00000, 0x00000007b9e80000, 0x0000000800000000)
  eden space 117248K, 99% used [0x00000007aab00000,0x00000007b1c72940,0x00000007b1d80000)
  from space 31232K, 25% used [0x00000007b1d80000,0x00000007b2525b38,0x00000007b3c00000)
  to   space 30720K, 0% used [0x00000007b8080000,0x00000007b8080000,0x00000007b9e80000)
 ParOldGen       total 349696K, used 119367K [0x0000000700000000, 0x0000000715580000, 0x00000007aab00000)
  object space 349696K, 34% used [0x0000000700000000,0x0000000707491ca8,0x0000000715580000)
 Metaspace       used 116685K, committed 117888K, reserved 1179648K
  class space    used 16021K, committed 16576K, reserved 1048576K
}
Event: 25.118 GC heap after
{Heap after GC invocations=20 (full 4):
 PSYoungGen      total 218624K, used 6832K [0x00000007aab00000, 0x00000007b9e80000, 0x0000000800000000)
  eden space 187904K, 0% used [0x00000007aab00000,0x00000007aab00000,0x00000007b6280000)
  from space 30720K, 22% used [0x00000007b8080000,0x00000007b872c020,0x00000007b9e80000)
  to   space 30720K, 0% used [0x00000007b6280000,0x00000007b6280000,0x00000007b8080000)
 ParOldGen       total 349696K, used 124868K [0x0000000700000000, 0x0000000715580000, 0x00000007aab00000)
  object space 349696K, 35% used [0x0000000700000000,0x00000007079f1010,0x0000000715580000)
 Metaspace       used 116685K, committed 117888K, reserved 1179648K
  class space    used 16021K, committed 16576K, reserved 1048576K
}
Event: 28.561 GC heap before
{Heap before GC invocations=21 (full 4):
 PSYoungGen      total 218624K, used 194736K [0x00000007aab00000, 0x00000007b9e80000, 0x0000000800000000)
  eden space 187904K, 100% used [0x00000007aab00000,0x00000007b6280000,0x00000007b6280000)
  from space 30720K, 22% used [0x00000007b8080000,0x00000007b872c020,0x00000007b9e80000)
  to   space 30720K, 0% used [0x00000007b6280000,0x00000007b6280000,0x00000007b8080000)
 ParOldGen       total 349696K, used 124868K [0x0000000700000000, 0x0000000715580000, 0x00000007aab00000)
  object space 349696K, 35% used [0x0000000700000000,0x00000007079f1010,0x0000000715580000)
 Metaspace       used 138796K, committed 140096K, reserved 1179648K
  class space    used 18348K, committed 19008K, reserved 1048576K
}
Event: 28.582 GC heap after
{Heap after GC invocations=21 (full 4):
 PSYoungGen      total 200704K, used 17625K [0x00000007aab00000, 0x00000007b9880000, 0x0000000800000000)
  eden space 182784K, 0% used [0x00000007aab00000,0x00000007aab00000,0x00000007b5d80000)
  from space 17920K, 98% used [0x00000007b6280000,0x00000007b73b6710,0x00000007b7400000)
  to   space 30208K, 0% used [0x00000007b7b00000,0x00000007b7b00000,0x00000007b9880000)
 ParOldGen       total 349696K, used 131851K [0x0000000700000000, 0x0000000715580000, 0x00000007aab00000)
  object space 349696K, 37% used [0x0000000700000000,0x00000007080c2ef8,0x0000000715580000)
 Metaspace       used 138796K, committed 140096K, reserved 1179648K
  class space    used 18348K, committed 19008K, reserved 1048576K
}
Event: 32.806 GC heap before
{Heap before GC invocations=22 (full 4):
 PSYoungGen      total 200704K, used 200409K [0x00000007aab00000, 0x00000007b9880000, 0x0000000800000000)
  eden space 182784K, 100% used [0x00000007aab00000,0x00000007b5d80000,0x00000007b5d80000)
  from space 17920K, 98% used [0x00000007b6280000,0x00000007b73b6710,0x00000007b7400000)
  to   space 30208K, 0% used [0x00000007b7b00000,0x00000007b7b00000,0x00000007b9880000)
 ParOldGen       total 349696K, used 131851K [0x0000000700000000, 0x0000000715580000, 0x00000007aab00000)
  object space 349696K, 37% used [0x0000000700000000,0x00000007080c2ef8,0x0000000715580000)
 Metaspace       used 157225K, committed 158528K, reserved 1245184K
  class space    used 20415K, committed 21056K, reserved 1048576K
}
Event: 32.824 GC heap after
{Heap after GC invocations=22 (full 4):
 PSYoungGen      total 201728K, used 8896K [0x00000007aab00000, 0x00000007b9280000, 0x0000000800000000)
  eden space 177664K, 0% used [0x00000007aab00000,0x00000007aab00000,0x00000007b5880000)
  from space 24064K, 36% used [0x00000007b7b00000,0x00000007b83b0040,0x00000007b9280000)
  to   space 29696K, 0% used [0x00000007b5880000,0x00000007b5880000,0x00000007b7580000)
 ParOldGen       total 349696K, used 148553K [0x0000000700000000, 0x0000000715580000, 0x00000007aab00000)
  object space 349696K, 42% used [0x0000000700000000,0x0000000709112748,0x0000000715580000)
 Metaspace       used 157225K, committed 158528K, reserved 1245184K
  class space    used 20415K, committed 21056K, reserved 1048576K
}
Event: 51.702 GC heap before
{Heap before GC invocations=23 (full 4):
 PSYoungGen      total 201728K, used 186560K [0x00000007aab00000, 0x00000007b9280000, 0x0000000800000000)
  eden space 177664K, 100% used [0x00000007aab00000,0x00000007b5880000,0x00000007b5880000)
  from space 24064K, 36% used [0x00000007b7b00000,0x00000007b83b0040,0x00000007b9280000)
  to   space 29696K, 0% used [0x00000007b5880000,0x00000007b5880000,0x00000007b7580000)
 ParOldGen       total 349696K, used 148553K [0x0000000700000000, 0x0000000715580000, 0x00000007aab00000)
  object space 349696K, 42% used [0x0000000700000000,0x0000000709112748,0x0000000715580000)
 Metaspace       used 160842K, committed 162240K, reserved 1245184K
  class space    used 20890K, committed 21568K, reserved 1048576K
}
Event: 51.743 GC heap after
{Heap after GC invocations=23 (full 4):
 PSYoungGen      total 192512K, used 19441K [0x00000007aab00000, 0x00000007b8f00000, 0x0000000800000000)
  eden space 173056K, 0% used [0x00000007aab00000,0x00000007aab00000,0x00000007b5400000)
  from space 19456K, 99% used [0x00000007b5880000,0x00000007b6b7c710,0x00000007b6b80000)
  to   space 30208K, 0% used [0x00000007b7180000,0x00000007b7180000,0x00000007b8f00000)
 ParOldGen       total 349696K, used 155042K [0x0000000700000000, 0x0000000715580000, 0x00000007aab00000)
  object space 349696K, 44% used [0x0000000700000000,0x0000000709768ae8,0x0000000715580000)
 Metaspace       used 160842K, committed 162240K, reserved 1245184K
  class space    used 20890K, committed 21568K, reserved 1048576K
}
Event: 54.353 GC heap before
{Heap before GC invocations=24 (full 4):
 PSYoungGen      total 192512K, used 136899K [0x00000007aab00000, 0x00000007b8f00000, 0x0000000800000000)
  eden space 173056K, 67% used [0x00000007aab00000,0x00000007b1db45e8,0x00000007b5400000)
  from space 19456K, 99% used [0x00000007b5880000,0x00000007b6b7c710,0x00000007b6b80000)
  to   space 30208K, 0% used [0x00000007b7180000,0x00000007b7180000,0x00000007b8f00000)
 ParOldGen       total 349696K, used 155042K [0x0000000700000000, 0x0000000715580000, 0x00000007aab00000)
  object space 349696K, 44% used [0x0000000700000000,0x0000000709768ae8,0x0000000715580000)
 Metaspace       used 164721K, committed 166080K, reserved 1245184K
  class space    used 21457K, committed 22144K, reserved 1048576K
}
Event: 54.389 GC heap after
{Heap after GC invocations=24 (full 4):
 PSYoungGen      total 201216K, used 10816K [0x00000007aab00000, 0x00000007b8d00000, 0x0000000800000000)
  eden space 173056K, 0% used [0x00000007aab00000,0x00000007aab00000,0x00000007b5400000)
  from space 28160K, 38% used [0x00000007b7180000,0x00000007b7c10138,0x00000007b8d00000)
  to   space 29184K, 0% used [0x00000007b5400000,0x00000007b5400000,0x00000007b7080000)
 ParOldGen       total 349696K, used 172120K [0x0000000700000000, 0x0000000715580000, 0x00000007aab00000)
  object space 349696K, 49% used [0x0000000700000000,0x000000070a816158,0x0000000715580000)
 Metaspace       used 164721K, committed 166080K, reserved 1245184K
  class space    used 21457K, committed 22144K, reserved 1048576K
}
Event: 54.389 GC heap before
{Heap before GC invocations=25 (full 5):
 PSYoungGen      total 201216K, used 10816K [0x00000007aab00000, 0x00000007b8d00000, 0x0000000800000000)
  eden space 173056K, 0% used [0x00000007aab00000,0x00000007aab00000,0x00000007b5400000)
  from space 28160K, 38% used [0x00000007b7180000,0x00000007b7c10138,0x00000007b8d00000)
  to   space 29184K, 0% used [0x00000007b5400000,0x00000007b5400000,0x00000007b7080000)
 ParOldGen       total 349696K, used 172120K [0x0000000700000000, 0x0000000715580000, 0x00000007aab00000)
  object space 349696K, 49% used [0x0000000700000000,0x000000070a816158,0x0000000715580000)
 Metaspace       used 164721K, committed 166080K, reserved 1245184K
  class space    used 21457K, committed 22144K, reserved 1048576K
}
Event: 55.689 GC heap after
{Heap after GC invocations=25 (full 5):
 PSYoungGen      total 201216K, used 0K [0x00000007aab00000, 0x00000007b8d00000, 0x0000000800000000)
  eden space 173056K, 0% used [0x00000007aab00000,0x00000007aab00000,0x00000007b5400000)
  from space 28160K, 0% used [0x00000007b7180000,0x00000007b7180000,0x00000007b8d00000)
  to   space 29184K, 0% used [0x00000007b5400000,0x00000007b5400000,0x00000007b7080000)
 ParOldGen       total 349696K, used 168006K [0x0000000700000000, 0x0000000715580000, 0x00000007aab00000)
  object space 349696K, 48% used [0x0000000700000000,0x000000070a411a18,0x0000000715580000)
 Metaspace       used 160289K, committed 162304K, reserved 1245184K
  class space    used 20932K, committed 21824K, reserved 1048576K
}
Event: 58.864 GC heap before
{Heap before GC invocations=26 (full 5):
 PSYoungGen      total 201216K, used 173056K [0x00000007aab00000, 0x00000007b8d00000, 0x0000000800000000)
  eden space 173056K, 100% used [0x00000007aab00000,0x00000007b5400000,0x00000007b5400000)
  from space 28160K, 0% used [0x00000007b7180000,0x00000007b7180000,0x00000007b8d00000)
  to   space 29184K, 0% used [0x00000007b5400000,0x00000007b5400000,0x00000007b7080000)
 ParOldGen       total 349696K, used 168006K [0x0000000700000000, 0x0000000715580000, 0x00000007aab00000)
  object space 349696K, 48% used [0x0000000700000000,0x000000070a411a18,0x0000000715580000)
 Metaspace       used 176867K, committed 178304K, reserved 1245184K
  class space    used 23670K, committed 24384K, reserved 1048576K
}
Event: 58.874 GC heap after
{Heap after GC invocations=26 (full 5):
 PSYoungGen      total 173056K, used 4512K [0x00000007aab00000, 0x00000007b8880000, 0x0000000800000000)
  eden space 168448K, 0% used [0x00000007aab00000,0x00000007aab00000,0x00000007b4f80000)
  from space 4608K, 97% used [0x00000007b5400000,0x00000007b5868030,0x00000007b5880000)
  to   space 29184K, 0% used [0x00000007b6c00000,0x00000007b6c00000,0x00000007b8880000)
 ParOldGen       total 349696K, used 168030K [0x0000000700000000, 0x0000000715580000, 0x00000007aab00000)
  object space 349696K, 48% used [0x0000000700000000,0x000000070a417a18,0x0000000715580000)
 Metaspace       used 176867K, committed 178304K, reserved 1245184K
  class space    used 23670K, committed 24384K, reserved 1048576K
}
Event: 61.297 GC heap before
{Heap before GC invocations=27 (full 5):
 PSYoungGen      total 173056K, used 172960K [0x00000007aab00000, 0x00000007b8880000, 0x0000000800000000)
  eden space 168448K, 100% used [0x00000007aab00000,0x00000007b4f80000,0x00000007b4f80000)
  from space 4608K, 97% used [0x00000007b5400000,0x00000007b5868030,0x00000007b5880000)
  to   space 29184K, 0% used [0x00000007b6c00000,0x00000007b6c00000,0x00000007b8880000)
 ParOldGen       total 349696K, used 168030K [0x0000000700000000, 0x0000000715580000, 0x00000007aab00000)
  object space 349696K, 48% used [0x0000000700000000,0x000000070a417a18,0x0000000715580000)
 Metaspace       used 184137K, committed 185664K, reserved 1245184K
  class space    used 24538K, committed 25280K, reserved 1048576K
}
Event: 61.305 GC heap after
{Heap after GC invocations=27 (full 5):
 PSYoungGen      total 188416K, used 4781K [0x00000007aab00000, 0x00000007b8400000, 0x0000000800000000)
  eden space 163840K, 0% used [0x00000007aab00000,0x00000007aab00000,0x00000007b4b00000)
  from space 24576K, 19% used [0x00000007b6c00000,0x00000007b70ab548,0x00000007b8400000)
  to   space 29184K, 0% used [0x00000007b4b00000,0x00000007b4b00000,0x00000007b6780000)
 ParOldGen       total 349696K, used 172066K [0x0000000700000000, 0x0000000715580000, 0x00000007aab00000)
  object space 349696K, 49% used [0x0000000700000000,0x000000070a808a58,0x0000000715580000)
 Metaspace       used 184137K, committed 185664K, reserved 1245184K
  class space    used 24538K, committed 25280K, reserved 1048576K
}

