# JRE version: OpenJDK Runtime Environment Microsoft-11926163 (17.0.16+8) (build 17.0.16+8-LTS)
# Java VM: OpenJDK 64-Bit Server VM Microsoft-11926163 (17.0.16+8-LTS, mixed mode, sharing, tiered, compressed oops, compressed class ptrs, g1 gc, windows-amd64)
GC Precious Log:
 CPUs: 16 total, 16 available
 Memory: 5981M
 Large Page Support: Disabled
 NUMA Support: Disabled
 Compressed Oops: Enabled (32-bit)
 Heap Region Size: 1M
 Heap Min Capacity: 8M
 Heap Initial Capacity: 8M
 Heap Max Capacity: 1496M
 Pre-touch: Disabled
 Parallel Workers: 13
 Concurrent Workers: 3
 Concurrent Refinement Workers: 13
 Periodic GC: Disabled
Heap:
 garbage-first heap   total 8192K, used 3263K [0x00000000a2800000, 0x0000000100000000)
  region size 1024K, 1 young (1024K), 1 survivors (1024K)
 Metaspace       used 7987K, committed 8128K, reserved 1114112K
  class space    used 947K, committed 1024K, reserved 1048576K
GC Heap History (9 events):
Event: 0.197 GC heap before
{Heap before GC invocations=0 (full 0):
 garbage-first heap   total 8192K, used 3072K [0x00000000a2800000, 0x0000000100000000)
  region size 1024K, 3 young (3072K), 0 survivors (0K)
 Metaspace       used 2626K, committed 2816K, reserved 1114112K
  class space    used 335K, committed 448K, reserved 1048576K
}
Event: 0.200 GC heap after
{Heap after GC invocations=1 (full 0):
 garbage-first heap   total 8192K, used 1232K [0x00000000a2800000, 0x0000000100000000)
  region size 1024K, 1 young (1024K), 1 survivors (1024K)
 Metaspace       used 2626K, committed 2816K, reserved 1114112K
  class space    used 335K, committed 448K, reserved 1048576K
}
Event: 0.264 GC heap before
{Heap before GC invocations=1 (full 0):
 garbage-first heap   total 8192K, used 2256K [0x00000000a2800000, 0x0000000100000000)
  region size 1024K, 2 young (2048K), 1 survivors (1024K)
 Metaspace       used 4914K, committed 5056K, reserved 1114112K
  class space    used 609K, committed 704K, reserved 1048576K
}
Event: 0.267 GC heap after
{Heap after GC invocations=2 (full 0):
 garbage-first heap   total 8192K, used 1903K [0x00000000a2800000, 0x0000000100000000)
  region size 1024K, 1 young (1024K), 1 survivors (1024K)
 Metaspace       used 4914K, committed 5056K, reserved 1114112K
  class space    used 609K, committed 704K, reserved 1048576K
}
Event: 0.320 GC heap before
{Heap before GC invocations=2 (full 0):
 garbage-first heap   total 8192K, used 2927K [0x00000000a2800000, 0x0000000100000000)
  region size 1024K, 2 young (2048K), 1 survivors (1024K)
 Metaspace       used 6335K, committed 6592K, reserved 1114112K
  class space    used 775K, committed 896K, reserved 1048576K
}
Event: 0.321 GC heap after
{Heap after GC invocations=3 (full 0):
 garbage-first heap   total 8192K, used 2261K [0x00000000a2800000, 0x0000000100000000)
  region size 1024K, 1 young (1024K), 1 survivors (1024K)
 Metaspace       used 6335K, committed 6592K, reserved 1114112K
  class space    used 775K, committed 896K, reserved 1048576K
}
Event: 0.389 GC heap before
{Heap before GC invocations=3 (full 0):
 garbage-first heap   total 8192K, used 2261K [0x00000000a2800000, 0x0000000100000000)
  region size 1024K, 2 young (2048K), 1 survivors (1024K)
 Metaspace       used 7819K, committed 8000K, reserved 1114112K
  class space    used 919K, committed 960K, reserved 1048576K
}
Event: 0.391 GC heap after
{Heap after GC invocations=4 (full 0):
 garbage-first heap   total 8192K, used 2461K [0x00000000a2800000, 0x0000000100000000)
  region size 1024K, 1 young (1024K), 1 survivors (1024K)
 Metaspace       used 7819K, committed 8000K, reserved 1114112K
  class space    used 919K, committed 960K, reserved 1048576K
}
Event: 0.415 GC heap before
{Heap before GC invocations=4 (full 0):
 garbage-first heap   total 8192K, used 3485K [0x00000000a2800000, 0x0000000100000000)
  region size 1024K, 2 young (2048K), 1 survivors (1024K)
 Metaspace       used 7987K, committed 8128K, reserved 1114112K
  class space    used 947K, committed 1024K, reserved 1048576K
}

